TN:
SF:src\config\context.ts
FN:16,(anonymous_1)
FNF:1
FNH:0
FNDA:0,(anonymous_1)
DA:2,1
DA:4,1
DA:16,1
DA:17,0
DA:22,1
LF:5
LH:4
BRF:0
BRH:0
end_of_record
TN:
SF:src\db\entities\Departament.ts
FN:6,(anonymous_2)
FN:12,(anonymous_3)
FN:15,(anonymous_4)
FN:18,(anonymous_5)
FN:21,(anonymous_6)
FNF:5
FNH:0
FNDA:0,(anonymous_2)
FNDA:0,(anonymous_3)
FNDA:0,(anonymous_4)
FNDA:0,(anonymous_5)
FNDA:0,(anonymous_6)
DA:1,1
DA:2,1
DA:4,1
DA:6,0
DA:7,1
DA:10,1
DA:12,0
DA:13,1
DA:15,0
DA:16,1
DA:18,0
DA:19,1
DA:21,0
DA:22,1
LF:14
LH:9
BRF:0
BRH:0
end_of_record
TN:
SF:src\db\entities\Product.ts
FN:9,(anonymous_2)
FN:12,(anonymous_3)
FN:26,(anonymous_4)
FN:29,(anonymous_5)
FN:32,(anonymous_6)
FN:35,(anonymous_7)
FN:38,(anonymous_8)
FNF:7
FNH:0
FNDA:0,(anonymous_2)
FNDA:0,(anonymous_3)
FNDA:0,(anonymous_4)
FNDA:0,(anonymous_5)
FNDA:0,(anonymous_6)
FNDA:0,(anonymous_7)
FNDA:0,(anonymous_8)
DA:1,1
DA:2,1
DA:3,1
DA:8,1
DA:9,0
DA:10,1
DA:12,0
DA:13,1
DA:16,1
DA:19,1
DA:22,1
DA:24,1
DA:26,0
DA:27,1
DA:29,0
DA:30,1
DA:32,0
DA:33,1
DA:35,0
DA:36,1
DA:38,0
DA:39,1
LF:22
LH:15
BRF:0
BRH:0
end_of_record
TN:
SF:src\db\entities\Supplier.ts
FN:7,(anonymous_2)
FN:26,(anonymous_3)
FN:29,(anonymous_4)
FN:32,(anonymous_5)
FN:35,(anonymous_6)
FN:38,(anonymous_7)
FN:41,(anonymous_8)
FN:44,(anonymous_9)
FN:47,(anonymous_10)
FNF:9
FNH:0
FNDA:0,(anonymous_2)
FNDA:0,(anonymous_3)
FNDA:0,(anonymous_4)
FNDA:0,(anonymous_5)
FNDA:0,(anonymous_6)
FNDA:0,(anonymous_7)
FNDA:0,(anonymous_8)
FNDA:0,(anonymous_9)
FNDA:0,(anonymous_10)
DA:1,1
DA:2,1
DA:3,1
DA:6,1
DA:7,0
DA:8,1
DA:12,1
DA:15,1
DA:18,1
DA:21,1
DA:24,1
DA:26,0
DA:27,1
DA:29,0
DA:30,1
DA:32,0
DA:33,1
DA:35,0
DA:36,1
DA:38,0
DA:39,1
DA:41,0
DA:42,1
DA:44,0
DA:45,1
DA:47,0
DA:48,1
LF:27
LH:18
BRF:0
BRH:0
end_of_record
TN:
SF:src\db\entities\Taxe.ts
FN:6,(anonymous_2)
FN:15,(anonymous_3)
FN:18,(anonymous_4)
FN:21,(anonymous_5)
FN:24,(anonymous_6)
FNF:5
FNH:0
FNDA:0,(anonymous_2)
FNDA:0,(anonymous_3)
FNDA:0,(anonymous_4)
FNDA:0,(anonymous_5)
FNDA:0,(anonymous_6)
DA:1,1
DA:2,1
DA:5,1
DA:6,0
DA:7,1
DA:10,1
DA:13,1
DA:15,0
DA:16,1
DA:18,0
DA:19,1
DA:21,0
DA:22,1
DA:24,0
DA:25,1
LF:15
LH:10
BRF:0
BRH:0
end_of_record
TN:
SF:src\db\entities\Tiket.ts
FN:6,(anonymous_2)
FN:9,(anonymous_3)
FN:12,(anonymous_4)
FN:15,(anonymous_5)
FN:18,(anonymous_6)
FN:21,(anonymous_7)
FNF:6
FNH:0
FNDA:0,(anonymous_2)
FNDA:0,(anonymous_3)
FNDA:0,(anonymous_4)
FNDA:0,(anonymous_5)
FNDA:0,(anonymous_6)
FNDA:0,(anonymous_7)
DA:1,1
DA:4,1
DA:6,0
DA:7,1
DA:9,0
DA:10,1
DA:12,0
DA:13,1
DA:15,0
DA:16,1
DA:18,0
DA:19,1
DA:21,0
DA:22,1
LF:14
LH:8
BRF:0
BRH:0
end_of_record
TN:
SF:src\db\entities\index.ts
FN:1,(anonymous_0)
FN:2,(anonymous_1)
FN:3,(anonymous_2)
FN:4,(anonymous_3)
FN:5,(anonymous_4)
FNF:5
FNH:2
FNDA:1,(anonymous_0)
FNDA:0,(anonymous_1)
FNDA:0,(anonymous_2)
FNDA:1,(anonymous_3)
FNDA:0,(anonymous_4)
DA:1,2
DA:2,1
DA:3,1
DA:4,2
DA:5,1
LF:5
LH:5
BRF:0
BRH:0
end_of_record
TN:
SF:src\resolvers\mutation\departament.ts
FN:22,(anonymous_11)
FN:21,(anonymous_13)
FNF:2
FNH:0
FNDA:0,(anonymous_11)
FNDA:0,(anonymous_13)
DA:1,1
DA:2,1
DA:15,1
DA:16,1
DA:19,1
DA:21,0
DA:22,1
DA:26,0
LF:8
LH:6
BRF:0
BRH:0
end_of_record
TN:
SF:src\resolvers\mutation\inputs.ts
FN:41,(anonymous_2)
FNF:1
FNH:0
FNDA:0,(anonymous_2)
DA:1,1
DA:2,1
DA:17,1
DA:19,1
DA:23,1
DA:25,1
DA:28,1
DA:31,1
DA:34,1
DA:37,1
DA:40,1
DA:41,0
DA:42,1
DA:46,1
DA:49,1
DA:52,1
DA:55,1
DA:58,1
DA:62,1
DA:64,1
DA:67,1
DA:70,1
DA:73,1
DA:77,1
DA:79,1
DA:82,1
DA:85,1
DA:88,1
DA:91,1
DA:97,1
DA:99,1
DA:102,1
LF:32
LH:31
BRF:0
BRH:0
end_of_record
TN:
SF:src\resolvers\query\product.ts
FN:19,(anonymous_11)
FN:24,(anonymous_13)
FN:18,(anonymous_15)
FN:23,(anonymous_16)
FNF:4
FNH:0
FNDA:0,(anonymous_11)
FNDA:0,(anonymous_13)
FNDA:0,(anonymous_15)
FNDA:0,(anonymous_16)
DA:1,1
DA:2,1
DA:11,1
DA:16,1
DA:18,0
DA:19,1
DA:20,0
DA:23,0
DA:24,1
DA:28,0
DA:33,0
DA:34,0
DA:35,0
DA:37,0
LF:14
LH:6
BRDA:34,0,0,0
BRF:1
BRH:0
end_of_record
